
RCS file: /u/students/ramsayneil/comp201t11/COMP201/Project1/contact.cc,v
Working file: contact.cc
head: 1.12
branch:
locks: strict
access list:
symbolic names:
	WORKING: 1.11
keyword substitution: kv
total revisions: 12;	selected revisions: 12
description:
----------------------------
revision 1.12
date: 2004/05/02 15:00:03;  author: keanedavi;  state: Exp;  lines: +10 -0
Includes Big Comment at top of CC File
----------------------------
revision 1.11
date: 2004/05/02 13:03:46;  author: harrisdavi3;  state: Exp;  lines: +6 -1
Commented
----------------------------
revision 1.10
date: 2004/05/02 11:39:58;  author: keanedavi;  state: Exp;  lines: +3 -1
fixed pretty printing to cout
----------------------------
revision 1.9
date: 2004/05/02 09:34:17;  author: keanedavi;  state: Exp;  lines: +0 -13
removed printing to cout during load
----------------------------
revision 1.8
date: 2004/05/02 09:06:35;  author: harrisdavi3;  state: Exp;  lines: +31 -4
implemented <<
----------------------------
revision 1.7
date: 2004/04/21 11:44:49;  author: delwadvipu;  state: Exp;  lines: +4 -1
more bugfixes, rooms aren't being loaded into the map however
----------------------------
revision 1.6
date: 2004/04/21 08:02:24;  author: delwadvipu;  state: Exp;  lines: +42 -41
Put in cout statements + added to hotel menu(s), still testing
----------------------------
revision 1.5
date: 2004/04/16 01:26:15;  author: ramsayneil;  state: Exp;  lines: +21 -5
saves and reads from file
----------------------------
revision 1.4
date: 2004/04/15 22:49:51;  author: ramsayneil;  state: Exp;  lines: +20 -0
default constructor written
write to file completed
----------------------------
revision 1.3
date: 2004/04/15 03:59:37;  author: ramsayneil;  state: Exp;  lines: +2 -2
passed file handles by reference
----------------------------
revision 1.2
date: 2004/04/14 02:35:41;  author: ramsayneil;  state: Exp;  lines: +47 -0
*** empty log message ***
----------------------------
revision 1.1
date: 2004/04/13 02:44:19;  author: ramsayneil;  state: Exp;
initial import
=============================================================================
