
RCS file: /u/students/ramsayneil/comp201t11/COMP201/Project1/rooms.cc,v
Working file: rooms.cc
head: 1.29
branch:
locks: strict
access list:
symbolic names:
	WORKING: 1.28
keyword substitution: kv
total revisions: 29;	selected revisions: 29
description:
----------------------------
revision 1.29
date: 2004/05/02 15:00:04;  author: keanedavi;  state: Exp;  lines: +10 -0
Includes Big Comment at top of CC File
----------------------------
revision 1.28
date: 2004/05/02 13:53:18;  author: delwadvipu;  state: Exp;  lines: +1 -1
bugfix
----------------------------
revision 1.27
date: 2004/05/02 13:20:26;  author: ramsayneil;  state: Exp;  lines: +36 -14
commenting
----------------------------
revision 1.26
date: 2004/05/02 11:47:36;  author: keanedavi;  state: Exp;  lines: +2 -0
fixed fileIO
----------------------------
revision 1.25
date: 2004/05/02 09:44:35;  author: delwadvipu;  state: Exp;  lines: +7 -36
tidied up loading from file output
----------------------------
revision 1.24
date: 2004/05/02 09:07:10;  author: harrisdavi3;  state: Exp;  lines: +1 -1
changed something minor
----------------------------
revision 1.23
date: 2004/05/02 02:04:32;  author: keanedavi;  state: Exp;  lines: +7 -6
locateRooms now returns a boolean value
----------------------------
revision 1.22
date: 2004/05/02 01:43:41;  author: ramsayneil;  state: Exp;  lines: +1 -1
fixed - added break to default case to prevent loop
----------------------------
revision 1.21
date: 2004/05/01 06:32:06;  author: delwadvipu;  state: Exp;  lines: +38 -9
implemented editMenu
----------------------------
revision 1.20
date: 2004/05/01 02:08:24;  author: harrisdavi3;  state: Exp;  lines: +2 -2
corrected newRoom to increment counter properly
----------------------------
revision 1.19
date: 2004/04/30 02:36:01;  author: ramsayneil;  state: Exp;  lines: +5 -2
fixed - segfaults where non-existant room may be edited
----------------------------
revision 1.18
date: 2004/04/30 02:13:41;  author: ramsayneil;  state: Exp;  lines: +2 -1
fixed - segfault when trying to remove non-existant room
----------------------------
revision 1.17
date: 2004/04/30 00:57:21;  author: keanedavi;  state: Exp;  lines: +3 -2
llows hotel to catch incorrect room #s
----------------------------
revision 1.16
date: 2004/04/29 05:42:56;  author: delwadvipu;  state: Exp;  lines: +8 -1
Fixed more bugs, loading of rooms now works but listing of rooms crashes the program
----------------------------
revision 1.15
date: 2004/04/26 00:45:39;  author: delwadvipu;  state: Exp;  lines: +114 -0
maintenance, moved class menus to their respective classes, updated GROUP.xmi to match, fixed compile issues with other source files
----------------------------
revision 1.14
date: 2004/04/23 00:58:06;  author: delwadvipu;  state: Exp;  lines: +2 -7
implemented categoriesMenu in hotel.cc, added renameCategory to categories.cc, modified rooms' printSummary to take the ID as a parameter, cosmetic changes to room.cc & room.h, updated uml diagram to have room class overloaded << operator
----------------------------
revision 1.13
date: 2004/04/21 11:44:49;  author: delwadvipu;  state: Exp;  lines: +17 -9
more bugfixes, rooms aren't being loaded into the map however
----------------------------
revision 1.12
date: 2004/04/21 08:02:24;  author: delwadvipu;  state: Exp;  lines: +23 -12
Put in cout statements + added to hotel menu(s), still testing
----------------------------
revision 1.11
date: 2004/04/21 01:12:49;  author: delwadvipu;  state: Exp;  lines: +1 -1
implemented extraction operator for room class
----------------------------
revision 1.10
date: 2004/04/21 00:39:37;  author: delwadvipu;  state: Exp;  lines: +29 -34
general touchups
----------------------------
revision 1.9
date: 2004/04/20 23:46:45;  author: delwadvipu;  state: Exp;  lines: +27 -24
implemented locateRooms method, finished other incomplete methods
----------------------------
revision 1.8
date: 2004/04/20 01:32:56;  author: ramsayneil;  state: Exp;  lines: +3 -3
corrected assignment operator - should be same as copy constructor
----------------------------
revision 1.7
date: 2004/04/19 03:37:48;  author: delwadvipu;  state: Exp;  lines: +5 -5
added voids in parameters of methods
----------------------------
revision 1.6
date: 2004/04/19 03:03:15;  author: delwadvipu;  state: Exp;  lines: +25 -10
implemented the big three
----------------------------
revision 1.5
date: 2004/04/17 04:51:24;  author: delwadvipu;  state: Exp;  lines: +2 -2
added "\n" so each token is on it's own line
----------------------------
revision 1.4
date: 2004/04/16 04:54:23;  author: harrisdavi3;  state: Exp;  lines: +74 -22
inserted & in saveToFile for room.h, completed saveToFile for Rooms class
----------------------------
revision 1.3
date: 2004/04/15 23:20:25;  author: harrisdavi3;  state: Exp;  lines: +22 -10
implemented methods
----------------------------
revision 1.2
date: 2004/04/14 03:49:07;  author: delwadvipu;  state: Exp;  lines: +55 -0
general touchups
----------------------------
revision 1.1
date: 2004/04/13 02:44:19;  author: ramsayneil;  state: Exp;
initial import
=============================================================================
