This is pdfeTeX, Version 3.141592-1.20a-rc7.2-2.2 (MiKTeX 2.4) (preloaded format=latex 2005.10.4)  4 OCT 2005 23:44
entering extended mode
**D:/work/phys341/design_report/report.tex
(D:/work/phys341/design_report/report.tex
LaTeX2e <2003/12/01>
Babel <v3.8a> and hyphenation patterns for english, french, german, ngerman, dumylang, nohyphenation, loaded.
(C:\Program Files\MiKTeX\tex\latex\base\report.cls
Document Class: report 2004/02/16 v1.4f Standard LaTeX document class
(C:\Program Files\MiKTeX\tex\latex\base\size10.clo
File: size10.clo 2004/02/16 v1.4f Standard LaTeX file (size option)
)
\c@part=\count79
\c@chapter=\count80
\c@section=\count81
\c@subsection=\count82
\c@subsubsection=\count83
\c@paragraph=\count84
\c@subparagraph=\count85
\c@figure=\count86
\c@table=\count87
\abovecaptionskip=\skip41
\belowcaptionskip=\skip42
\bibindent=\dimen102
) (C:\Program Files\MiKTeX\tex\latex\geometry\geometry.sty
Package: geometry 2002/07/08 v3.2 Page Geometry

(C:\Program Files\MiKTeX\tex\latex\graphics\keyval.sty
Package: keyval 1999/03/16 v1.13 key=value parser (DPC)
\KV@toks@=\toks14
)
\Gm@cnth=\count88
\Gm@cntv=\count89
\c@Gm@tempcnt=\count90
\Gm@bindingoffset=\dimen103
\Gm@wd@mp=\dimen104
\Gm@odd@mp=\dimen105
\Gm@even@mp=\dimen106
\Gm@dimlist=\toks15
 (C:\Program Files\MiKTeX\tex\latex\geometry\geometry.cfg))
(C:\Program Files\MiKTeX\tex\latex\psnfss\palatino.sty
Package: palatino 2004/01/26 PSNFSS-v9.1b (SPQR) 
) (C:\Program Files\MiKTeX\tex\latex\graphics\graphicx.sty
Package: graphicx 1999/02/16 v1.0f Enhanced LaTeX Graphics (DPC,SPQR)

(C:\Program Files\MiKTeX\tex\latex\graphics\graphics.sty
Package: graphics 2001/07/07 v1.0n Standard LaTeX Graphics (DPC,SPQR)
 (C:\Program Files\MiKTeX\tex\latex\graphics\trig.sty
Package: trig 1999/03/16 v1.09 sin cos tan (DPC)
)
(C:\Program Files\MiKTeX\tex\latex\00miktex\graphics.cfg
File: graphics.cfg 2003/03/12 v1.1 MiKTeX 'graphics' configuration
)
Package graphics Info: Driver file: pdftex.def on input line 80.
 (C:\Program Files\MiKTeX\tex\latex\graphics\pdftex.def
File: pdftex.def 2002/06/19 v0.03k graphics/color for pdftex
\Gread@gobject=\count91
))
\Gin@req@height=\dimen107
\Gin@req@width=\dimen108
)
(C:\Program Files\MiKTeX\tex\latex\amsfonts\amssymb.sty
Package: amssymb 2002/01/22 v2.2d
 (C:\Program Files\MiKTeX\tex\latex\amsfonts\amsfonts.sty
Package: amsfonts 2001/10/25 v2.2f
\@emptytoks=\toks16
\symAMSa=\mathgroup4
\symAMSb=\mathgroup5
LaTeX Font Info:    Overwriting math alphabet `\mathfrak' in version `bold'
(Font)                  U/euf/m/n --> U/euf/b/n on input line 132.
))
(C:\Program Files\MiKTeX\tex\latex\amsmath\amsmath.sty
Package: amsmath 2000/07/18 v2.13 AMS math features
\@mathmargin=\skip43

For additional information on amsmath, use the `?' option.
(C:\Program Files\MiKTeX\tex\latex\amsmath\amstext.sty
Package: amstext 2000/06/29 v2.01
 (C:\Program Files\MiKTeX\tex\latex\amsmath\amsgen.sty
File: amsgen.sty 1999/11/30 v2.0
\@emptytoks=\toks17
\ex@=\dimen109
))
(C:\Program Files\MiKTeX\tex\latex\amsmath\amsbsy.sty
Package: amsbsy 1999/11/29 v1.2d
\pmbraise@=\dimen110
) (C:\Program Files\MiKTeX\tex\latex\amsmath\amsopn.sty
Package: amsopn 1999/12/14 v2.01 operator names
)
\inf@bad=\count92
LaTeX Info: Redefining \frac on input line 211.
\uproot@=\count93
\leftroot@=\count94
LaTeX Info: Redefining \overline on input line 307.
\classnum@=\count95
\DOTSCASE@=\count96
LaTeX Info: Redefining \ldots on input line 379.
LaTeX Info: Redefining \dots on input line 382.
LaTeX Info: Redefining \cdots on input line 467.
\Mathstrutbox@=\box26
\strutbox@=\box27
\big@size=\dimen111
LaTeX Font Info:    Redeclaring font encoding OML on input line 567.
LaTeX Font Info:    Redeclaring font encoding OMS on input line 568.
\macc@depth=\count97
\c@MaxMatrixCols=\count98
\dotsspace@=\muskip10
\c@parentequation=\count99
\dspbrk@lvl=\count100
\tag@help=\toks18
\row@=\count101
\column@=\count102
\maxfields@=\count103
\andhelp@=\toks19
\eqnshift@=\dimen112
\alignsep@=\dimen113
\tagshift@=\dimen114
\tagwidth@=\dimen115
\totwidth@=\dimen116
\lineht@=\dimen117
\@envbody=\toks20
\multlinegap=\skip44
\multlinetaggap=\skip45
\mathdisplay@stack=\toks21
LaTeX Info: Redefining \[ on input line 2666.
LaTeX Info: Redefining \] on input line 2667.
)
(report.aux)
LaTeX Font Info:    Checking defaults for OML/cmm/m/it on input line 14.
LaTeX Font Info:    ... okay on input line 14.
LaTeX Font Info:    Checking defaults for T1/cmr/m/n on input line 14.
LaTeX Font Info:    ... okay on input line 14.
LaTeX Font Info:    Checking defaults for OT1/cmr/m/n on input line 14.
LaTeX Font Info:    ... okay on input line 14.
LaTeX Font Info:    Checking defaults for OMS/cmsy/m/n on input line 14.
LaTeX Font Info:    ... okay on input line 14.
LaTeX Font Info:    Checking defaults for OMX/cmex/m/n on input line 14.
LaTeX Font Info:    ... okay on input line 14.
LaTeX Font Info:    Checking defaults for U/cmr/m/n on input line 14.
LaTeX Font Info:    ... okay on input line 14.
LaTeX Font Info:    Try loading font information for OT1+ppl on input line 14.
 (C:\Program Files\MiKTeX\tex\latex\psnfss\ot1ppl.fd
File: ot1ppl.fd 2001/06/04 font definitions for OT1/ppl.
)
-------------------- Geometry parameters
paper: a4paper
landscape: --
twocolumn: --
twoside: --
asymmetric: --
h-parts: 85.35826pt, 426.79135pt, 85.35826pt
v-parts: 56.9055pt, 702.78308pt, 85.35826pt
hmarginratio: --
vmarginratio: --
lines: --
heightrounded: --
bindingoffset: 0.0pt
truedimen: --
includehead: --
includefoot: --
includemp: --
driver: pdftex
-------------------- Page layout dimensions and switches
\paperwidth  597.50787pt
\paperheight 845.04684pt
\textwidth  426.79135pt
\textheight 702.78308pt
\oddsidemargin  13.08827pt
\evensidemargin 13.08827pt
\topmargin  -52.36449pt
\headheight 12.0pt
\headsep    25.0pt
\footskip   30.0pt
\marginparwidth 57.0pt
\marginparsep   11.0pt
\columnsep  10.0pt
\skip\footins  9.0pt plus 4.0pt minus 2.0pt
\hoffset 0.0pt
\voffset 0.0pt
\mag 1000

(1in=72.27pt, 1cm=28.45pt)
-----------------------
 (C:\Program Files\MiKTeX\tex\context\base\supp-pdf.tex (C:\Program Files\MiKTeX\tex\context\base\supp-mis.tex
loading : Context Support Macros / Miscellaneous 
\protectiondepth=\count104
\scratchcounter=\count105
\scratchtoks=\toks22
\scratchdimen=\dimen118
\scratchskip=\skip46
\scratchmuskip=\muskip11
\scratchbox=\box28
\scratchread=\read1
\scratchwrite=\write3
\zeropoint=\dimen119
\onepoint=\dimen120
\onebasepoint=\dimen121
\minusone=\count106
\thousandpoint=\dimen122
\onerealpoint=\dimen123
\emptytoks=\toks23
\nextbox=\box29
\nextdepth=\dimen124
\everyline=\toks24
\!!counta=\count107
\!!countb=\count108
\recursecounter=\count109
)
loading : Context Support Macros / PDF (2004.03.26)
\nofMPsegments=\count110
\nofMParguments=\count111
\everyMPtoPDFconversion=\toks25
)
LaTeX Font Info:    Try loading font information for U+msa on input line 16.
 (C:\Program Files\MiKTeX\tex\latex\amsfonts\umsa.fd
File: umsa.fd 2002/01/19 v2.2g AMS font definitions
)
LaTeX Font Info:    Try loading font information for U+msb on input line 16.
 (C:\Program Files\MiKTeX\tex\latex\amsfonts\umsb.fd
File: umsb.fd 2002/01/19 v2.2g AMS font definitions
) [1

{sfonts.map}]
LaTeX Font Info:    Font shape `OT1/ppl/bx/n' in size <24.88> not available
(Font)              Font shape `OT1/ppl/b/n' tried instead on input line 17.
 (report.toc
LaTeX Font Info:    Font shape `OT1/ppl/bx/n' in size <10> not available
(Font)              Font shape `OT1/ppl/b/n' tried instead on input line 1.
)
\tf@toc=\write4
 [1

] [1]
Chapter 1.
LaTeX Font Info:    Font shape `OT1/ppl/bx/n' in size <20.74> not available
(Font)              Font shape `OT1/ppl/b/n' tried instead on input line 38.
[1

]
Chapter 2.
<Block-diagram.png, id=29, 627.34375pt x 248.93pt>
File: Block-diagram.png Graphic file (type png)
 <use Block-diagram.png>
<Emitter-follower.png, id=30, 497.86pt x 324.21124pt>
File: Emitter-follower.png Graphic file (type png)
 <use Emitter-follower.png> [2

 <Block-diagram.png> <Emitter-follower.png>] <Rectifier.png, id=34, 387.4475pt x 115.43124pt>
File: Rectifier.png Graphic file (type png)
 <use Rectifier.png>
<Op-amp.png, id=35, 449.68pt x 326.21875pt>
File: Op-amp.png Graphic file (type png)
 <use Op-amp.png> <Power-amp.png, id=36, 406.51875pt x 470.75874pt>
File: Power-amp.png Graphic file (type png)

<use Power-amp.png>

LaTeX Warning: `h' float specifier changed to `ht'.

[3 <Rectifier.png> <Op-amp.png>] [4 <Power-amp.png>]
Chapter 3.
[5

]
Chapter 4.
LaTeX Font Info:    Try loading font information for OMS+ppl on input line 199.
(C:\Program Files\MiKTeX\tex\latex\psnfss\omsppl.fd
File: omsppl.fd 
)
LaTeX Font Info:    Font shape `OMS/ppl/m/n' in size <10> not available
(Font)              Font shape `OMS/cmsy/m/n' tried instead on input line 199.

! Missing $ inserted.
<inserted text> 
                $
l.199 	\item IC's \times
                         3 = $6
I've inserted a begin-math/end-math symbol since I think
you left one out. Proceed, with fingers crossed.

! Missing $ inserted.
<inserted text> 
                $
l.200 	\item Capacitors \times
                               4 = $2
I've inserted a begin-math/end-math symbol since I think
you left one out. Proceed, with fingers crossed.

! Missing $ inserted.
<inserted text> 
                $
l.201 	\item Power transistors \times
                                      4 = $2
I've inserted a begin-math/end-math symbol since I think
you left one out. Proceed, with fingers crossed.

! Missing $ inserted.
<inserted text> 
                $
l.202 	\item PCB \times
                        1 = $200
I've inserted a begin-math/end-math symbol since I think
you left one out. Proceed, with fingers crossed.

! Missing $ inserted.
<inserted text> 
                $
l.203 	\item Case \times
                         1 = $100
I've inserted a begin-math/end-math symbol since I think
you left one out. Proceed, with fingers crossed.

LaTeX Font Info:    Font shape `OT1/ppl/bx/n' in size <12> not available
(Font)              Font shape `OT1/ppl/b/n' tried instead on input line 205.

Underfull \hbox (badness 10000) in paragraph at lines 204--206

 []

[6

]
Chapter 5.
LaTeX Font Info:    Font shape `OT1/ppl/bx/n' in size <14.4> not available
(Font)              Font shape `OT1/ppl/b/n' tried instead on input line 211.
[7

]
Underfull \hbox (badness 10000) in paragraph at lines 289--290

 []

[8]
Underfull \hbox (badness 10000) in paragraph at lines 301--305

 []


Underfull \hbox (badness 10000) in paragraph at lines 306--309

 []


Underfull \hbox (badness 10000) in paragraph at lines 310--312

 []

[9] <Circuit-diagram.png, id=77, 871.255pt x 664.4825pt>
File: Circuit-diagram.png Graphic file (type png)
 <use Circuit-diagram.png> [10] [11 <Circuit-diagram.png>]
(report.aux) ) 
Here is how much of TeX's memory you used:
 2321 strings out of 95519
 26577 string characters out of 1189231
 80766 words of memory out of 1078910
 5316 multiletter control sequences out of 35000
 19525 words of font info for 59 fonts, out of 500000 for 1000
 14 hyphenation exceptions out of 607
 27i,9n,24p,233b,232s stack positions out of 1500i,500n,5000p,200000b,32768s
 84 PDF objects out of 300000
 0 named destinations out of 300000
 31 words of extra memory for PDF output out of 65536
<C:\Program Files\MiKTeX\fonts\type1\bluesky\symbols\msam10.pfb><C:\Program Files\MiKTeX\fonts\type1\blues
ky\cm\cmr8.pfb><C:\Program Files\MiKTeX\fonts\type1\bluesky\cm\cmmi8.pfb><C:\Program Files\MiKTeX\fonts\type1\bluesky\cm
\cmmi12.pfb><C:\Program Files\MiKTeX\fonts\type1\bluesky\cm\cmsy10.pfb><C:\Program Files\MiKTeX\fonts\type1\bluesky\cm\c
mr10.pfb><C:\Program Files\MiKTeX\fonts\type1\bluesky\cm\cmr7.pfb><C:\Program Files\MiKTeX\fonts\type1\bluesky\cm\cmmi7.
pfb><C:\Program Files\MiKTeX\fonts\type1\bluesky\cm\cmmi10.pfb>{r.enc}<C:\Program Files\MiKTeX\fonts\type1\urw\urwstd\up
lb8a.pfb><C:\Program Files\MiKTeX\fonts\type1\urw\urwstd\uplr8a.pfb>
Output written on report.pdf (14 pages, 141970 bytes).
